<?xml version="1.0" encoding="UTF-8"?>
<!-- Generated by org.testng.reporters.JUnitReportReporter -->
<testsuite hostname="anish" name="GitMaven.GiMav" tests="1" failures="0" timestamp="4 May 2017 07:50:51 GMT" time="3.720" errors="0">
  <testcase name="f" time="3.720" classname="GitMaven.GiMav"/>
</testsuite> <!-- GitMaven.GiMav -->
